<?xml version="1.0" encoding="UTF-8"?>
<testsuite name="up.visulog.webgen.TestHTML" tests="1" skipped="0" failures="0" errors="0" timestamp="2020-11-16T13:49:27" hostname="atlitemoayan" time="0.019">
  <properties/>
  <testcase name="printPage" classname="up.visulog.webgen.TestHTML" time="0.019"/>
  <system-out><![CDATA[<!DOCTYPE html>
<html>
	<head>
		<title>
			HtmlFlow
		</title>
	</head>
	<body>
		<div class="container">
			<h1>
				My first page with HtmlFlow
			</h1>
			<img src="http://bit.ly/2MoHwrU">
			<p>
				Typesafe is awesome! :-)
			</p>
		</div>
	</body>
</html>
]]></system-out>
  <system-err><![CDATA[]]></system-err>
</testsuite>
