<?xml version="1.0" encoding="UTF-8"?>
<testsuite name="up.visulog.cli.TestCLILauncher" tests="1" skipped="0" failures="0" errors="0" timestamp="2020-10-02T09:47:31" hostname="david-gt51ch" time="0.002">
  <properties/>
  <testcase name="testArgumentParser" classname="up.visulog.cli.TestCLILauncher" time="0.002"/>
  <system-out><![CDATA[]]></system-out>
  <system-err><![CDATA[]]></system-err>
</testsuite>
