<?xml version="1.0" encoding="UTF-8"?>
<testsuite name="up.visulog.gitrawdata.TestCommit" tests="2" skipped="0" failures="0" errors="0" timestamp="2020-10-02T09:47:32" hostname="david-gt51ch" time="0.014">
  <properties/>
  <testcase name="testParseCommit" classname="up.visulog.gitrawdata.TestCommit" time="0.013"/>
  <testcase name="testParseLog" classname="up.visulog.gitrawdata.TestCommit" time="0.001"/>
  <system-out><![CDATA[]]></system-out>
  <system-err><![CDATA[]]></system-err>
</testsuite>
