<?xml version="1.0" encoding="UTF-8"?>
<testsuite name="up.visulog.analyzer.TestCountCommitsPerAuthorPlugin" tests="1" skipped="0" failures="0" errors="0" timestamp="2020-10-02T09:47:30" hostname="david-gt51ch" time="0.003">
  <properties/>
  <testcase name="checkCommitSum" classname="up.visulog.analyzer.TestCountCommitsPerAuthorPlugin" time="0.003"/>
  <system-out><![CDATA[]]></system-out>
  <system-err><![CDATA[]]></system-err>
</testsuite>
